0 [128620039956416] INFO perfrun.launcher <> - Launcher main begin
1 [128620039956416] INFO perfrun.launcher <> - MessageCatalogInit finished
1 [128620039956416] INFO perfrun.launcher <> - Launcher instance created
1 [128620039956416] INFO perfrun.launcher <> - argc = 6; cmdline = /home/dbulgakov/intel/oneapi/advisor/2025.0/bin64/advixe-runss --ui-output-format xml --ui-output-fd 116 --context-value-list 
24 [128620039956416] INFO perfrun.launcher <> - create msngr2::ICliToolContext
24 [128620039956416] INFO perfrun.launcher <> - create file finder object
25 [128620039956416] INFO perfrun.launcher <> - Put into the variant bag the context value: name = targetOS; value = Linux
25 [128620039956416] INFO perfrun.launcher <> - Put into the variant bag the context value: name = OS; value = Linux
25 [128620039956416] INFO perfrun.launcher <> - Put into the variant bag the context value: name = OSBuildNumber; value = 0
25 [128620039956416] INFO perfrun.launcher <> - Put into the variant bag the context value: name = OSBitness; value = 64
25 [128620039956416] INFO perfrun.launcher <> - Put into the variant bag the context value: name = RootPrivileges; value = false
25 [128620039956416] INFO perfrun.launcher <> - Put into the variant bag the context value: name = isPtraceScopeLimited; value = true
25 [128620039956416] INFO perfrun.launcher <> - Put into the variant bag the context value: name = isCATSupportedByCPU; value = true
25 [128620039956416] INFO perfrun.launcher <> - Put into the variant bag the context value: name = isL3CATAvailable; value = true
25 [128620039956416] INFO perfrun.launcher <> - Put into the variant bag the context value: name = L3CATDetails; value = COS=16;ways=16
25 [128620039956416] INFO perfrun.launcher <> - Put into the variant bag the context value: name = isL2CATAvailable; value = false
25 [128620039956416] INFO perfrun.launcher <> - Put into the variant bag the context value: name = isL3MonitoringSupportedByCPU; value = true
25 [128620039956416] INFO perfrun.launcher <> - Put into the variant bag the context value: name = LLCSize; value = 0
26 [128620039956416] INFO perfrun.launcher <> - Put into the variant bag the context value: name = cacheMonitoringUpscalingFactor; value = 64
26 [128620039956416] INFO perfrun.launcher <> - Put into the variant bag the context value: name = isL3CacheOccupancyAvailable; value = true
26 [128620039956416] INFO perfrun.launcher <> - Put into the variant bag the context value: name = isL3TotalBWAvailable; value = true
26 [128620039956416] INFO perfrun.launcher <> - Put into the variant bag the context value: name = isL3LocalBWAvailable; value = true
26 [128620039956416] INFO perfrun.launcher <> - Put into the variant bag the context value: name = isTSXAvailable; value = false
26 [128620039956416] INFO perfrun.launcher <> - Put into the variant bag the context value: name = isPTAvailable; value = false
26 [128620039956416] INFO perfrun.launcher <> - Put into the variant bag the context value: name = isHTEnabled; value = true
26 [128620039956416] INFO perfrun.launcher <> - Put into the variant bag the context value: name = fpgaOnBoard; value = None
26 [128620039956416] INFO perfrun.launcher <> - Put into the variant bag the context value: name = omniPathOnBoard; value = None
26 [128620039956416] INFO perfrun.launcher <> - Put into the variant bag the context value: name = genArchOnBoard; value = 0
26 [128620039956416] INFO perfrun.launcher <> - Put into the variant bag the context value: name = pciClassParts; value = 
26 [128620039956416] INFO perfrun.launcher <> - Put into the variant bag the context value: name = tidValuesForIO; value = 
26 [128620039956416] INFO perfrun.launcher <> - Put into the variant bag the context value: name = populatedIoParts; value = 
26 [128620039956416] INFO perfrun.launcher <> - Put into the variant bag the context value: name = populatedIoUnits; value = 
26 [128620039956416] INFO perfrun.launcher <> - Put into the variant bag the context value: name = populatedTidValuesForIO; value = 
26 [128620039956416] INFO perfrun.launcher <> - Put into the variant bag the context value: name = memoryType; value = Unknown
26 [128620039956416] INFO perfrun.launcher <> - Put into the variant bag the context value: name = isSGXAvailable; value = false
26 [128620039956416] INFO perfrun.launcher <> - Put into the variant bag the context value: name = LinuxRelease; value = 6.8.0-51-generic
26 [128620039956416] INFO perfrun.launcher <> - Put into the variant bag the context value: name = is3DXPPresent; value = false
26 [128620039956416] INFO perfrun.launcher <> - Put into the variant bag the context value: name = is3DXP2LMMode; value = false
26 [128620039956416] INFO perfrun.launcher <> - Put into the variant bag the context value: name = is3DXPAppDirectMode; value = false
26 [128620039956416] INFO perfrun.launcher <> - Put into the variant bag the context value: name = IsNUMANodeWithoutCPUsPresent; value = false
26 [128620039956416] INFO perfrun.launcher <> - Put into the variant bag the context value: name = Hypervisor; value = None
26 [128620039956416] INFO perfrun.launcher <> - Put into the variant bag the context value: name = PerfmonVersion; value = 0
26 [128620039956416] INFO perfrun.launcher <> - Put into the variant bag the context value: name = isMaxDRAMBandwidthMeasurementSupported; value = false
26 [128620039956416] INFO perfrun.launcher <> - Put into the variant bag the context value: name = preferedGpuAdapter; value = none
26 [128620039956416] INFO perfrun.launcher <> - Put into the variant bag the context value: name = isEHFIAvailable; value = false
26 [128620039956416] INFO perfrun.launcher <> - Put into the variant bag the context value: name = i915Status; value = MissingDriver
26 [128620039956416] INFO perfrun.launcher <> - Put into the variant bag the context value: name = GPUUserGroups; value = 
26 [128620039956416] INFO perfrun.launcher <> - Put into the variant bag the context value: name = isTPSSAvailable; value = true
26 [128620039956416] INFO perfrun.launcher <> - Put into the variant bag the context value: name = isPytraceAvailable; value = true
26 [128620039956416] INFO perfrun.launcher <> - Put into the variant bag the context value: name = forceShowInlines; value = false
26 [128620039956416] INFO perfrun.launcher <> - Application exit code: 0
26 [128620039956416] INFO perfrun.launcher <> - Exit code: 0
