0 [128579631339456] INFO perfrun.launcher <> - Launcher main begin
1 [128579631339456] INFO perfrun.launcher <> - MessageCatalogInit finished
1 [128579631339456] INFO perfrun.launcher <> - Launcher instance created
1 [128579631339456] INFO perfrun.launcher <> - argc = 7; cmdline = /home/dbulgakov/intel/oneapi/advisor/2025.0/bin64/advixe-runss --ui-output-format xml --ui-output-fd 110 --option-file /home/dbulgakov/Study/hpc/src/advisor_omp/e000/hs002/config/runss.options 
25 [128579631339456] INFO perfrun.launcher <> - create msngr2::ICliToolContext
25 [128579631339456] INFO perfrun.launcher <> - create file finder object
25 [128579631339456] INFO perfrun.launcher <> - create a result directory: pattern = /home/dbulgakov/Study/hpc/src/advisor_omp/e000/hs002 pid = 4294967295
26 [128579631339456] INFO perfrun.sdk <> - checked that the directory /home/dbulgakov/Study/hpc/src/advisor_omp/e000/hs002 is a local directory
26 [128579631339456] INFO perfrun.sdk <> - the directory /home/dbulgakov/Study/hpc/src/advisor_omp/e000/hs002 is a local directory with FS type ID 61267
26 [128579631339456] INFO perfrun.launcher <> - create data directory = /home/dbulgakov/Study/hpc/src/advisor_omp/e000/hs002/data.0
27 [128579631339456] INFO perfrun.launcher <> - Creating the master collection flag
28 [128579631339456] INFO perfrun.launcher <> - Done creating the master collection flag
28 [128579409020608] INFO perfrun.launcher <> - plugin [remoteplug] was disabled because it doesn't support the given collection type.
29 [128579409020608] INFO perfrun.sdk <> - Allocating TMU :/home/dbulgakov/Study/hpc/src/advisor_omp/e000/hs002/data.0/systemcollector-12047-d.bulgakov.sc
29 [128579409020608] INFO perfrun.launcher <> - plugin [] was disabled because it doesn't support the given collection type.
29 [128579409020608] INFO perfrun.launcher <> - plugin [gpu] was disabled because it doesn't support the given collection type.
29 [128579409020608] INFO perfrun.launcher <> - plugin [] was disabled because it doesn't support the given collection type.
29 [128579409020608] INFO perfrun.launcher <> - plugin [] was disabled because it doesn't support the given collection type.
29 [128579409020608] INFO perfrun.launcher <> - plugin [] was disabled because it doesn't support the given collection type.
29 [128579409020608] INFO perfrun.mrte <> - system-wide mode is 0
29 [128579409020608] INFO perfrun.mrte <> - Getting  mrte profiling environment ...
32 [128579409020608] INFO perfrun.mrte <> - INTEL_MRTE_DATA_DIR=/home/dbulgakov/Study/hpc/src/advisor_omp/e000/hs002/data.0
32 [128579409020608] INFO perfrun.mrte <> - INTEL_MRTE_HOST_NAME=d.bulgakov
32 [128579409020608] INFO perfrun.mrte <> - JAVA_TOOL_OPTIONS=-agentlib:advixe_samplingmrte_javaprof_1.0 -Dsun.boot.library.path=/home/dbulgakov/intel/oneapi/advisor/2025.0/lib32/runtime:/home/dbulgakov/intel/oneapi/advisor/2025.0/lib64/runtime
32 [128579409020608] INFO perfrun.mrte <> - LD_LIBRARY_PATH=/home/dbulgakov/intel/oneapi/advisor/2025.0/lib32/runtime:/home/dbulgakov/intel/oneapi/advisor/2025.0/lib64/runtime
32 [128579409020608] INFO perfrun.mrte <> - Data directory: /home/dbulgakov/Study/hpc/src/advisor_omp/e000/hs002/data.0
32 [128579409020608] INFO perfrun.mrte <> - Mrte plugin is initialized
32 [128579409020608] INFO perfrun.launcher <> - plugin [] was disabled because it doesn't support the given collection type.
32 [128579409020608] INFO perfrun.launcher <> - plugin [] was disabled because it doesn't support the given collection type.
32 [128579409020608] INFO perfrun.launcher <> - plugin [] was disabled because it doesn't support the given collection type.
32 [128579409020608] INFO perfrun.launcher <> - plugin [] was disabled because it doesn't support the given collection type.
32 [128579409020608] INFO perfrun.launcher <> - plugin [] was disabled because it doesn't support the given collection type.
32 [128579409020608] INFO perfrun.launcher <> - plugin [] was disabled because it doesn't support the given collection type.
32 [128579409020608] INFO perfrun.launcher <> - plugin [] was disabled because it doesn't support the given collection type.
32 [128579409020608] INFO perfrun.tpss <> - initialize tpss controller
32 [128579409020608] INFO perfrun.tpss <> - configure collection mode: value = cpu:stack
32 [128579409020608] INFO perfrun.tpss <> - default obj-size-min=1024
32 [128579409020608] INFO perfrun.tpss <> - default hash-table-size=0
32 [128579409020608] INFO perfrun.launcher <> - plugin [] was disabled because it doesn't support the given collection type.
32 [128579409020608] INFO perfrun.launcher <> - plugin [] was disabled because it doesn't support the given collection type.
32 [128579409020608] INFO perfrun.launcher <> - plugin [] was disabled because it doesn't support the given collection type.
32 [128579409020608] INFO perfrun.launcher <> - plugin [] was disabled because it doesn't support the given collection type.
32 [128579409020608] INFO perfrun.launcher <> - plugin [] was disabled because it doesn't support the given collection type.
32 [128579409020608] INFO perfrun.launcher <> - plugin [] was disabled because it doesn't support the given collection type.
32 [128579409020608] INFO perfrun.launcher <> - plugin [] was disabled because it doesn't support the given collection type.
32 [128579409020608] INFO perfrun.launcher <> - plugin [] was disabled because it doesn't support the given collection type.
32 [128579409020608] INFO perfrun.launcher <> - plugin [] was disabled because it doesn't support the given collection type.
32 [128579631339456] INFO perfrun.launcher <> - set environment variable: LD_LIBRARY_PATH = /home/dbulgakov/intel/oneapi/advisor/2025.0/lib32/runtime:/home/dbulgakov/intel/oneapi/advisor/2025.0/lib64/runtime
32 [128579631339456] INFO perfrun.launcher <> - set environment variable: INTEL_LIBITTNOTIFY32 = /home/dbulgakov/intel/oneapi/advisor/2025.0/lib32/runtime/libittnotify_collector.so
32 [128579631339456] INFO perfrun.launcher <> - set environment variable: INTEL_LIBITTNOTIFY64 = /home/dbulgakov/intel/oneapi/advisor/2025.0/lib64/runtime/libittnotify_collector.so
32 [128579631339456] INFO perfrun.launcher <> - set environment variable: INTEL_ITTNOTIFY_GROUPS = 
32 [128579631339456] INFO perfrun.launcher <> - set environment variable: INTEL_JIT_PROFILER32 = /home/dbulgakov/intel/oneapi/advisor/2025.0/lib32/runtime/libittnotify_collector.so
32 [128579631339456] INFO perfrun.launcher <> - set environment variable: INTEL_JIT_PROFILER64 = /home/dbulgakov/intel/oneapi/advisor/2025.0/lib64/runtime/libittnotify_collector.so
32 [128579631339456] INFO perfrun.launcher <> - set environment variable: CCL_ITT_LEVEL = 1
32 [128579631339456] INFO perfrun.launcher <> - set environment variable: ENABLE_JITPROFILING = 1
32 [128579631339456] INFO perfrun.launcher <> - set environment variable: CL_CONFIG_USE_VTUNE = True
32 [128579631339456] INFO perfrun.launcher <> - set environment variable: KMP_FORKJOIN_FRAMES = 0
32 [128579631339456] INFO perfrun.launcher <> - set environment variable: KMP_FORKJOIN_FRAMES_MODE = 0
32 [128579631339456] INFO perfrun.launcher <> - set environment variable: INTEL_MRTE_DATA_DIR = /home/dbulgakov/Study/hpc/src/advisor_omp/e000/hs002/data.0
32 [128579631339456] INFO perfrun.launcher <> - set environment variable: INTEL_MRTE_HOST_NAME = d.bulgakov
32 [128579631339456] INFO perfrun.launcher <> - set environment variable: JAVA_TOOL_OPTIONS = -agentlib:advixe_samplingmrte_javaprof_1.0 -Dsun.boot.library.path=/home/dbulgakov/intel/oneapi/advisor/2025.0/lib32/runtime:/home/dbulgakov/intel/oneapi/advisor/2025.0/lib64/runtime
32 [128579631339456] INFO perfrun.launcher <> - set environment variable: LD_LIBRARY_PATH = /home/dbulgakov/intel/oneapi/advisor/2025.0/lib32/runtime:/home/dbulgakov/intel/oneapi/advisor/2025.0/lib64/runtime
32 [128579631339456] INFO perfrun.launcher <> - RpcServer: run RPC server to handle requests
32 [128579631339456] INFO perfrun.launcher <> - Launcher: command line to start before modification = /home/dbulgakov/Study/hpc/src/build/src_omp
32 [128579631339456] INFO perfrun.launcher <> - Launcher: command line to start after modification = /home/dbulgakov/intel/oneapi/advisor/2025.0/bin64/pin -error_file /home/dbulgakov/Study/hpc/src/advisor_omp/e000/hs002/data.0/pinerr.tpsslog -detach_reattach -follow_execv -tool_load_option deepbind -t64 /home/dbulgakov/intel/oneapi/advisor/2025.0/lib64/libtpsstool.so -t /home/dbulgakov/intel/oneapi/advisor/2025.0/lib32/libtpsstool.so -server_name tpss_ipc.12047 -prd_dir /home/dbulgakov/intel/oneapi/advisor/2025.0 -- /home/dbulgakov/Study/hpc/src/build/src_omp
33 [128579631339456] INFO perfrun.launcher <> - ProcessCreator object was created
33 [128579631339456] INFO perfrun.launcher <> - Launcher: the process was started in suspend mode
34 [128579409020608] WARN perfrun.system <> - Could not do anything with /sys/kernel/debug/kvm: boost::filesystem::status: Permission denied [system:13]: "/sys/kernel/debug/kvm", at file: vcs/perfrun1/plugins/system/src/trace_writer.cpp:787
34 [128579409020608] WARN perfrun.system <> - Folder "/var/run/libvirt/qemu/"doesn't exist, at file: vcs/perfrun1/plugins/system/src/trace_writer.cpp:800
35 [128579409020608] WARN perfrun.sdk <> - Failed to find xl binary on any of the system paths: /bin, /sbin, /usr/bin, /usr/sbin., at file: vcs/perfrun1/sdk/src/utils.cpp:205
39 [128579409020608] INFO perfrun.vdso <> - Helper runtool '/home/dbulgakov/intel/oneapi/advisor/2025.0/bin32/advixe-runss -dump-vdso -r /home/dbulgakov/Study/hpc/src/advisor_omp/e000/hs002 --tmp-dir /tmp/advixe-tmp-dbulgakov' returned 1
75 [128579409020608] INFO perfrun.vdso <> - Helper runtool '/home/dbulgakov/intel/oneapi/advisor/2025.0/bin64/advixe-runss -dump-vdso -r /home/dbulgakov/Study/hpc/src/advisor_omp/e000/hs002 --tmp-dir /tmp/advixe-tmp-dbulgakov' returned 0
75 [128579409020608] INFO perfrun.itt <> - start itt controller for pid #12058
75 [128579409020608] INFO perfrun.tpss <> - start tpss controller for pid #12058
125 [128579631339456] INFO perfrun.launcher <> - Launcher: all plugins were started
126 [128579631339456] INFO perfrun.launcher <> - DirectoryMonitor object was created
126 [128579631339456] INFO perfrun.launcher <> - DirectoryMonitor: a callback was added
126 [128579631339456] INFO perfrun.launcher <> - DirectoryMonitor was started with pingTime = 1000
126 [128579631339456] INFO perfrun.launcher <> - DeadlineTimer is going to be constructed
126 [128579631339456] INFO perfrun.launcher <> - DeadlineTimer: a callback was added
128 [128579631339456] INFO perfrun.launcher <> - Launcher: resume the profiled application and  wait its termination or stop command
83322 [128579631339456] INFO perfrun.launcher <> - Launcher: the profiled application was terminated  with exit code = 0
83325 [128579409020608] INFO perfrun.itt <> - detach itt controller
83325 [128579409020608] INFO perfrun.itt <> - detach itt controller done
83325 [128579409020608] INFO perfrun.tpss <> - stop tpss controller
83326 [128579409020608] INFO perfrun.sdk <> - De-allocating TMU: /home/dbulgakov/Study/hpc/src/advisor_omp/e000/hs002/data.0/systemcollector-12047-d.bulgakov.sc
83326 [128579409020608] INFO perfrun.system <> - closed the system trace file: /home/dbulgakov/Study/hpc/src/advisor_omp/e000/hs002/data.0/systemcollector-12047-d.bulgakov.sc
83326 [128579631339456] INFO perfrun.launcher <> - Launcher: all plugins were stopped.
83326 [128579631339456] INFO perfrun.launcher <> - DeadlineTimer is going to be destroyed
83326 [128579631339456] INFO perfrun.launcher <> - DeadlineTimer was destroyed
83326 [128579631339456] INFO perfrun.launcher <> - DirectoryMonitor object was destroyed
83326 [128579631339456] WARN perfrun.launcher <> - Stop command is ignored because it is received when collection is already stopped, at file: vcs/perfrun1/launcher/src/command_handler.cpp:226
83326 [128579631339456] INFO perfrun.launcher <> - Application exit code: 0
83326 [128579631339456] INFO perfrun.launcher <> - Exit code: 0
