0 [127184579631040] INFO perfrun.launcher <> - Launcher main begin
2 [127184579631040] INFO perfrun.launcher <> - MessageCatalogInit finished
2 [127184579631040] INFO perfrun.launcher <> - Launcher instance created
2 [127184579631040] INFO perfrun.launcher <> - argc = 6; cmdline = /home/dbulgakov/intel/oneapi/advisor/2025.0/bin64/advixe-runss -dump-vdso -r /home/dbulgakov/Study/hpc/src/advisor_no_omp/e000/hs003 --tmp-dir /tmp/advixe-tmp-dbulgakov 
33 [127184579631040] INFO perfrun.launcher <> - create msngr2::ICliToolContext
34 [127184579631040] INFO perfrun.launcher <> - create file finder object
35 [127184358344384] INFO perfrun.launcher <> - plugin [remoteplug] was disabled because it doesn't support the given collection type.
35 [127184358344384] INFO perfrun.launcher <> - plugin [system] was disabled because it doesn't support the given collection type.
35 [127184358344384] INFO perfrun.vdso <> - dumping [vdso] pseudomodule
35 [127184358344384] INFO perfrun.launcher <> - plugin [itt] was disabled because it doesn't support the given collection type.
36 [127184358344384] INFO perfrun.launcher <> - plugin [] was disabled because it doesn't support the given collection type.
36 [127184358344384] INFO perfrun.launcher <> - plugin [gpu] was disabled because it doesn't support the given collection type.
36 [127184358344384] INFO perfrun.launcher <> - plugin [] was disabled because it doesn't support the given collection type.
36 [127184358344384] INFO perfrun.launcher <> - plugin [] was disabled because it doesn't support the given collection type.
36 [127184358344384] INFO perfrun.launcher <> - plugin [] was disabled because it doesn't support the given collection type.
36 [127184358344384] INFO perfrun.launcher <> - plugin [mrte] was disabled because it doesn't support the given collection type.
36 [127184358344384] INFO perfrun.launcher <> - plugin [] was disabled because it doesn't support the given collection type.
36 [127184358344384] INFO perfrun.launcher <> - plugin [] was disabled because it doesn't support the given collection type.
36 [127184358344384] INFO perfrun.launcher <> - plugin [] was disabled because it doesn't support the given collection type.
36 [127184358344384] INFO perfrun.launcher <> - plugin [] was disabled because it doesn't support the given collection type.
36 [127184358344384] INFO perfrun.launcher <> - plugin [] was disabled because it doesn't support the given collection type.
36 [127184358344384] INFO perfrun.launcher <> - plugin [] was disabled because it doesn't support the given collection type.
36 [127184358344384] INFO perfrun.launcher <> - plugin [] was disabled because it doesn't support the given collection type.
36 [127184358344384] INFO perfrun.launcher <> - plugin [tpss] was disabled because it doesn't support the given collection type.
36 [127184358344384] INFO perfrun.launcher <> - plugin [] was disabled because it doesn't support the given collection type.
36 [127184358344384] INFO perfrun.launcher <> - plugin [] was disabled because it doesn't support the given collection type.
36 [127184358344384] INFO perfrun.launcher <> - plugin [] was disabled because it doesn't support the given collection type.
36 [127184358344384] INFO perfrun.launcher <> - plugin [] was disabled because it doesn't support the given collection type.
36 [127184358344384] INFO perfrun.launcher <> - plugin [] was disabled because it doesn't support the given collection type.
36 [127184358344384] INFO perfrun.launcher <> - plugin [] was disabled because it doesn't support the given collection type.
36 [127184358344384] INFO perfrun.launcher <> - plugin [] was disabled because it doesn't support the given collection type.
36 [127184358344384] INFO perfrun.launcher <> - plugin [] was disabled because it doesn't support the given collection type.
36 [127184358344384] INFO perfrun.launcher <> - plugin [] was disabled because it doesn't support the given collection type.
36 [127184579631040] INFO perfrun.launcher <> - Application exit code: 0
37 [127184579631040] INFO perfrun.launcher <> - Exit code: 0
