1 [136681994586048] INFO perfrun.launcher <> - Launcher main begin
2 [136681994586048] INFO perfrun.launcher <> - MessageCatalogInit finished
2 [136681994586048] INFO perfrun.launcher <> - Launcher instance created
2 [136681994586048] INFO perfrun.launcher <> - argc = 7; cmdline = /home/dbulgakov/intel/oneapi/advisor/2025.0/bin64/advixe-runss --ui-output-format xml --ui-output-fd 108 --option-file /home/dbulgakov/Study/hpc/src/advisor_no_omp/e000/hs003/config/runss.options 
47 [136681994586048] INFO perfrun.launcher <> - create msngr2::ICliToolContext
48 [136681994586048] INFO perfrun.launcher <> - create file finder object
48 [136681994586048] INFO perfrun.launcher <> - create a result directory: pattern = /home/dbulgakov/Study/hpc/src/advisor_no_omp/e000/hs003 pid = 4294967295
51 [136681994586048] INFO perfrun.sdk <> - checked that the directory /home/dbulgakov/Study/hpc/src/advisor_no_omp/e000/hs003 is a local directory
52 [136681994586048] INFO perfrun.sdk <> - the directory /home/dbulgakov/Study/hpc/src/advisor_no_omp/e000/hs003 is a local directory with FS type ID 61267
53 [136681994586048] INFO perfrun.launcher <> - create data directory = /home/dbulgakov/Study/hpc/src/advisor_no_omp/e000/hs003/data.0
53 [136681994586048] INFO perfrun.launcher <> - Creating the master collection flag
56 [136681994586048] INFO perfrun.launcher <> - Done creating the master collection flag
61 [136681772549824] INFO perfrun.launcher <> - plugin [remoteplug] was disabled because it doesn't support the given collection type.
61 [136681772549824] INFO perfrun.sdk <> - Allocating TMU :/home/dbulgakov/Study/hpc/src/advisor_no_omp/e000/hs003/data.0/systemcollector-12400-d.bulgakov.sc
61 [136681772549824] INFO perfrun.launcher <> - plugin [] was disabled because it doesn't support the given collection type.
61 [136681772549824] INFO perfrun.launcher <> - plugin [gpu] was disabled because it doesn't support the given collection type.
61 [136681772549824] INFO perfrun.launcher <> - plugin [] was disabled because it doesn't support the given collection type.
61 [136681772549824] INFO perfrun.launcher <> - plugin [] was disabled because it doesn't support the given collection type.
61 [136681772549824] INFO perfrun.launcher <> - plugin [] was disabled because it doesn't support the given collection type.
61 [136681772549824] INFO perfrun.mrte <> - system-wide mode is 0
61 [136681772549824] INFO perfrun.mrte <> - Getting  mrte profiling environment ...
75 [136681772549824] INFO perfrun.mrte <> - INTEL_MRTE_DATA_DIR=/home/dbulgakov/Study/hpc/src/advisor_no_omp/e000/hs003/data.0
75 [136681772549824] INFO perfrun.mrte <> - INTEL_MRTE_HOST_NAME=d.bulgakov
75 [136681772549824] INFO perfrun.mrte <> - JAVA_TOOL_OPTIONS=-agentlib:advixe_samplingmrte_javaprof_1.0 -Dsun.boot.library.path=/home/dbulgakov/intel/oneapi/advisor/2025.0/lib32/runtime:/home/dbulgakov/intel/oneapi/advisor/2025.0/lib64/runtime
75 [136681772549824] INFO perfrun.mrte <> - LD_LIBRARY_PATH=/home/dbulgakov/intel/oneapi/advisor/2025.0/lib32/runtime:/home/dbulgakov/intel/oneapi/advisor/2025.0/lib64/runtime
75 [136681772549824] INFO perfrun.mrte <> - Data directory: /home/dbulgakov/Study/hpc/src/advisor_no_omp/e000/hs003/data.0
75 [136681772549824] INFO perfrun.mrte <> - Mrte plugin is initialized
75 [136681772549824] INFO perfrun.launcher <> - plugin [] was disabled because it doesn't support the given collection type.
75 [136681772549824] INFO perfrun.launcher <> - plugin [] was disabled because it doesn't support the given collection type.
75 [136681772549824] INFO perfrun.launcher <> - plugin [] was disabled because it doesn't support the given collection type.
75 [136681772549824] INFO perfrun.launcher <> - plugin [] was disabled because it doesn't support the given collection type.
75 [136681772549824] INFO perfrun.launcher <> - plugin [] was disabled because it doesn't support the given collection type.
75 [136681772549824] INFO perfrun.launcher <> - plugin [] was disabled because it doesn't support the given collection type.
75 [136681772549824] INFO perfrun.launcher <> - plugin [] was disabled because it doesn't support the given collection type.
75 [136681772549824] INFO perfrun.tpss <> - initialize tpss controller
75 [136681772549824] INFO perfrun.tpss <> - configure collection mode: value = cpu:stack
75 [136681772549824] INFO perfrun.tpss <> - default obj-size-min=1024
75 [136681772549824] INFO perfrun.tpss <> - default hash-table-size=0
75 [136681772549824] INFO perfrun.launcher <> - plugin [] was disabled because it doesn't support the given collection type.
75 [136681772549824] INFO perfrun.launcher <> - plugin [] was disabled because it doesn't support the given collection type.
75 [136681772549824] INFO perfrun.launcher <> - plugin [] was disabled because it doesn't support the given collection type.
75 [136681772549824] INFO perfrun.launcher <> - plugin [] was disabled because it doesn't support the given collection type.
75 [136681772549824] INFO perfrun.launcher <> - plugin [] was disabled because it doesn't support the given collection type.
75 [136681772549824] INFO perfrun.launcher <> - plugin [] was disabled because it doesn't support the given collection type.
75 [136681772549824] INFO perfrun.launcher <> - plugin [] was disabled because it doesn't support the given collection type.
75 [136681772549824] INFO perfrun.launcher <> - plugin [] was disabled because it doesn't support the given collection type.
75 [136681772549824] INFO perfrun.launcher <> - plugin [] was disabled because it doesn't support the given collection type.
76 [136681994586048] INFO perfrun.launcher <> - set environment variable: LD_LIBRARY_PATH = /home/dbulgakov/intel/oneapi/advisor/2025.0/lib32/runtime:/home/dbulgakov/intel/oneapi/advisor/2025.0/lib64/runtime
76 [136681994586048] INFO perfrun.launcher <> - set environment variable: INTEL_LIBITTNOTIFY32 = /home/dbulgakov/intel/oneapi/advisor/2025.0/lib32/runtime/libittnotify_collector.so
76 [136681994586048] INFO perfrun.launcher <> - set environment variable: INTEL_LIBITTNOTIFY64 = /home/dbulgakov/intel/oneapi/advisor/2025.0/lib64/runtime/libittnotify_collector.so
76 [136681994586048] INFO perfrun.launcher <> - set environment variable: INTEL_ITTNOTIFY_GROUPS = 
76 [136681994586048] INFO perfrun.launcher <> - set environment variable: INTEL_JIT_PROFILER32 = /home/dbulgakov/intel/oneapi/advisor/2025.0/lib32/runtime/libittnotify_collector.so
76 [136681994586048] INFO perfrun.launcher <> - set environment variable: INTEL_JIT_PROFILER64 = /home/dbulgakov/intel/oneapi/advisor/2025.0/lib64/runtime/libittnotify_collector.so
76 [136681994586048] INFO perfrun.launcher <> - set environment variable: CCL_ITT_LEVEL = 1
77 [136681994586048] INFO perfrun.launcher <> - set environment variable: ENABLE_JITPROFILING = 1
77 [136681994586048] INFO perfrun.launcher <> - set environment variable: CL_CONFIG_USE_VTUNE = True
77 [136681994586048] INFO perfrun.launcher <> - set environment variable: KMP_FORKJOIN_FRAMES = 0
77 [136681994586048] INFO perfrun.launcher <> - set environment variable: KMP_FORKJOIN_FRAMES_MODE = 0
77 [136681994586048] INFO perfrun.launcher <> - set environment variable: INTEL_MRTE_DATA_DIR = /home/dbulgakov/Study/hpc/src/advisor_no_omp/e000/hs003/data.0
77 [136681994586048] INFO perfrun.launcher <> - set environment variable: INTEL_MRTE_HOST_NAME = d.bulgakov
77 [136681994586048] INFO perfrun.launcher <> - set environment variable: JAVA_TOOL_OPTIONS = -agentlib:advixe_samplingmrte_javaprof_1.0 -Dsun.boot.library.path=/home/dbulgakov/intel/oneapi/advisor/2025.0/lib32/runtime:/home/dbulgakov/intel/oneapi/advisor/2025.0/lib64/runtime
77 [136681994586048] INFO perfrun.launcher <> - set environment variable: LD_LIBRARY_PATH = /home/dbulgakov/intel/oneapi/advisor/2025.0/lib32/runtime:/home/dbulgakov/intel/oneapi/advisor/2025.0/lib64/runtime
77 [136681994586048] INFO perfrun.launcher <> - RpcServer: run RPC server to handle requests
78 [136681994586048] INFO perfrun.launcher <> - Launcher: command line to start before modification = /home/dbulgakov/Study/hpc/src/build/src_no_omp
78 [136681994586048] INFO perfrun.launcher <> - Launcher: command line to start after modification = /home/dbulgakov/intel/oneapi/advisor/2025.0/bin64/pin -error_file /home/dbulgakov/Study/hpc/src/advisor_no_omp/e000/hs003/data.0/pinerr.tpsslog -detach_reattach -follow_execv -tool_load_option deepbind -t64 /home/dbulgakov/intel/oneapi/advisor/2025.0/lib64/libtpsstool.so -t /home/dbulgakov/intel/oneapi/advisor/2025.0/lib32/libtpsstool.so -server_name tpss_ipc.12400 -prd_dir /home/dbulgakov/intel/oneapi/advisor/2025.0 -- /home/dbulgakov/Study/hpc/src/build/src_no_omp
78 [136681994586048] INFO perfrun.launcher <> - ProcessCreator object was created
79 [136681994586048] INFO perfrun.launcher <> - Launcher: the process was started in suspend mode
80 [136681772549824] WARN perfrun.system <> - Could not do anything with /sys/kernel/debug/kvm: boost::filesystem::status: Permission denied [system:13]: "/sys/kernel/debug/kvm", at file: vcs/perfrun1/plugins/system/src/trace_writer.cpp:787
80 [136681772549824] WARN perfrun.system <> - Folder "/var/run/libvirt/qemu/"doesn't exist, at file: vcs/perfrun1/plugins/system/src/trace_writer.cpp:800
81 [136681772549824] WARN perfrun.sdk <> - Failed to find xl binary on any of the system paths: /bin, /sbin, /usr/bin, /usr/sbin., at file: vcs/perfrun1/sdk/src/utils.cpp:205
88 [136681772549824] INFO perfrun.vdso <> - Helper runtool '/home/dbulgakov/intel/oneapi/advisor/2025.0/bin32/advixe-runss -dump-vdso -r /home/dbulgakov/Study/hpc/src/advisor_no_omp/e000/hs003 --tmp-dir /tmp/advixe-tmp-dbulgakov' returned 1
140 [136681772549824] INFO perfrun.vdso <> - Helper runtool '/home/dbulgakov/intel/oneapi/advisor/2025.0/bin64/advixe-runss -dump-vdso -r /home/dbulgakov/Study/hpc/src/advisor_no_omp/e000/hs003 --tmp-dir /tmp/advixe-tmp-dbulgakov' returned 0
140 [136681772549824] INFO perfrun.itt <> - start itt controller for pid #12412
142 [136681772549824] INFO perfrun.tpss <> - start tpss controller for pid #12412
193 [136681994586048] INFO perfrun.launcher <> - Launcher: all plugins were started
193 [136681994586048] INFO perfrun.launcher <> - DirectoryMonitor object was created
193 [136681994586048] INFO perfrun.launcher <> - DirectoryMonitor: a callback was added
193 [136681994586048] INFO perfrun.launcher <> - DirectoryMonitor was started with pingTime = 1000
193 [136681994586048] INFO perfrun.launcher <> - DeadlineTimer is going to be constructed
193 [136681994586048] INFO perfrun.launcher <> - DeadlineTimer: a callback was added
198 [136681994586048] INFO perfrun.launcher <> - Launcher: resume the profiled application and  wait its termination or stop command
27965 [136681994586048] INFO perfrun.launcher <> - Launcher: the profiled application was terminated  with exit code = 0
27970 [136681772549824] INFO perfrun.itt <> - detach itt controller
27970 [136681772549824] INFO perfrun.itt <> - detach itt controller done
27970 [136681772549824] INFO perfrun.tpss <> - stop tpss controller
27971 [136681772549824] INFO perfrun.sdk <> - De-allocating TMU: /home/dbulgakov/Study/hpc/src/advisor_no_omp/e000/hs003/data.0/systemcollector-12400-d.bulgakov.sc
27971 [136681772549824] INFO perfrun.system <> - closed the system trace file: /home/dbulgakov/Study/hpc/src/advisor_no_omp/e000/hs003/data.0/systemcollector-12400-d.bulgakov.sc
27972 [136681994586048] INFO perfrun.launcher <> - Launcher: all plugins were stopped.
27972 [136681994586048] INFO perfrun.launcher <> - DeadlineTimer is going to be destroyed
27972 [136681994586048] INFO perfrun.launcher <> - DeadlineTimer was destroyed
27972 [136681994586048] INFO perfrun.launcher <> - DirectoryMonitor object was destroyed
27973 [136681994586048] WARN perfrun.launcher <> - Stop command is ignored because it is received when collection is already stopped, at file: vcs/perfrun1/launcher/src/command_handler.cpp:226
27974 [136681994586048] INFO perfrun.launcher <> - Application exit code: 0
27974 [136681994586048] INFO perfrun.launcher <> - Exit code: 0
