<?xml version="1.0" encoding="utf-8"?>
<log version="1.0" tool="runtool">

<msg id="1" tool="runtool">
  <type>log-start</type>
  <arg>2024/12/21 01:08:51</arg>
</msg>
<msg id="2" tool="runtool">
  <type>collector-starts</type>
</msg>
<msg id="3" tool="runtool">
  <type>marker-file</type>
  <arg>/home/dbulgakov/Study/hpc/src/advisor_no_omp/e000/mp000/mp000.advixe</arg>
</msg>
<msg id="4" tool="tc">
  <type>START</type>
  <severity>INFO</severity>
  <timestamp>Sat Dec 21 01:08:51 2024</timestamp>
</msg>
<msg id="5" tool="tc">
  <type>EXEC_OF_INTEREST</type>
  <arg>/home/dbulgakov/Study/hpc/src/build/src_no_omp</arg>
  <arg>15226</arg>
  <severity>INFO</severity>
  <timestamp>Sat Dec 21 01:08:51 2024</timestamp>
</msg>
<msg id="6" tool="tc">
  <type>LOAD_MODULE</type>
  <arg>/home/dbulgakov/Study/hpc/src/build/src_no_omp</arg>
  <arg>0x59fac2db1000</arg>
  <arg>0x59fac2dba01f</arg>
  <arg>1</arg>
  <severity>INFO</severity>
  <timestamp>Sat Dec 21 01:08:51 2024</timestamp>
</msg>
<msg id="7" tool="tc">
  <type>LOAD_MODULE</type>
  <arg>/lib64/ld-linux-x86-64.so.2</arg>
  <arg>0x75581a1f0000</arg>
  <arg>0x75581a2292d7</arg>
  <arg>2</arg>
  <severity>INFO</severity>
  <timestamp>Sat Dec 21 01:08:51 2024</timestamp>
</msg>
<msg id="8" tool="tc">
  <type>LOAD_MODULE</type>
  <arg>[vdso]</arg>
  <arg>0x7ffce7537000</arg>
  <arg>0x7ffce75380aa</arg>
  <arg>3</arg>
  <severity>INFO</severity>
  <timestamp>Sat Dec 21 01:08:51 2024</timestamp>
</msg>
<msg id="9" tool="tc">
  <type>LOAD_MODULE</type>
  <arg>/lib/x86_64-linux-gnu/libstdc++.so.6</arg>
  <arg>0x755804a00000</arg>
  <arg>0x755804c7d13f</arg>
  <arg>4</arg>
  <severity>INFO</severity>
  <timestamp>Sat Dec 21 01:08:52 2024</timestamp>
</msg>
<msg id="10" tool="tc">
  <type>LOAD_MODULE</type>
  <arg>/lib/x86_64-linux-gnu/libm.so.6</arg>
  <arg>0x755804917000</arg>
  <arg>0x7558049ff017</arg>
  <arg>5</arg>
  <severity>INFO</severity>
  <timestamp>Sat Dec 21 01:08:52 2024</timestamp>
</msg>
<msg id="11" tool="tc">
  <type>LOAD_MODULE</type>
  <arg>/lib/x86_64-linux-gnu/libgcc_s.so.1</arg>
  <arg>0x755804c96000</arg>
  <arg>0x755804cc33a7</arg>
  <arg>6</arg>
  <severity>INFO</severity>
  <timestamp>Sat Dec 21 01:08:52 2024</timestamp>
</msg>
<msg id="12" tool="tc">
  <type>LOAD_MODULE</type>
  <arg>/lib/x86_64-linux-gnu/libc.so.6</arg>
  <arg>0x755804600000</arg>
  <arg>0x755804811d8f</arg>
  <arg>7</arg>
  <severity>INFO</severity>
  <timestamp>Sat Dec 21 01:08:52 2024</timestamp>
</msg>
<msg id="13" tool="tc">
  <type>UNLOAD_MODULE</type>
  <arg>/home/dbulgakov/Study/hpc/src/build/src_no_omp</arg>
  <arg>1</arg>
  <severity>INFO</severity>
  <timestamp>Sat Dec 21 01:19:46 2024</timestamp>
</msg>
<msg id="14" tool="tc">
  <type>UNLOAD_MODULE</type>
  <arg>/lib64/ld-linux-x86-64.so.2</arg>
  <arg>2</arg>
  <severity>INFO</severity>
  <timestamp>Sat Dec 21 01:19:46 2024</timestamp>
</msg>
<msg id="15" tool="tc">
  <type>UNLOAD_MODULE</type>
  <arg>[vdso]</arg>
  <arg>3</arg>
  <severity>INFO</severity>
  <timestamp>Sat Dec 21 01:19:46 2024</timestamp>
</msg>
<msg id="16" tool="tc">
  <type>UNLOAD_MODULE</type>
  <arg>/lib/x86_64-linux-gnu/libstdc++.so.6</arg>
  <arg>4</arg>
  <severity>INFO</severity>
  <timestamp>Sat Dec 21 01:19:46 2024</timestamp>
</msg>
<msg id="17" tool="tc">
  <type>UNLOAD_MODULE</type>
  <arg>/lib/x86_64-linux-gnu/libm.so.6</arg>
  <arg>5</arg>
  <severity>INFO</severity>
  <timestamp>Sat Dec 21 01:19:46 2024</timestamp>
</msg>
<msg id="18" tool="tc">
  <type>UNLOAD_MODULE</type>
  <arg>/lib/x86_64-linux-gnu/libgcc_s.so.1</arg>
  <arg>6</arg>
  <severity>INFO</severity>
  <timestamp>Sat Dec 21 01:19:46 2024</timestamp>
</msg>
<msg id="19" tool="tc">
  <type>UNLOAD_MODULE</type>
  <arg>/lib/x86_64-linux-gnu/libc.so.6</arg>
  <arg>7</arg>
  <severity>INFO</severity>
  <timestamp>Sat Dec 21 01:19:46 2024</timestamp>
</msg>
<msg id="20" tool="tc">
  <type>PROCESS_TERMINATE</type>
  <arg>/home/dbulgakov/Study/hpc/src/build/src_no_omp</arg>
  <arg>15226</arg>
  <severity>INFO</severity>
  <timestamp>Sat Dec 21 01:19:46 2024</timestamp>
</msg>
<msg id="21" tool="tc">
  <type>NO_ANNOTATIONS</type>
  <severity>WARNING</severity>
  <timestamp>Sat Dec 21 01:19:46 2024</timestamp>
</msg>
<msg id="22" tool="tc">
  <type>ANALYSIS_COMPLETE</type>
  <severity>INFO</severity>
  <timestamp>Sat Dec 21 01:19:46 2024</timestamp>
</msg>
<msg id="23" tool="tc">
  <type>STOP</type>
  <severity>INFO</severity>
  <timestamp>Sat Dec 21 01:19:46 2024</timestamp>
</msg>
<msg id="24" tool="runtool">
  <type>app-exit-code</type>
  <arg>0</arg>
</msg>
<msg id="25" tool="runtool">
  <type>marker-file</type>
  <arg>/home/dbulgakov/Study/hpc/src/advisor_no_omp/e000/mp000/mp000.advixe</arg>
</msg>
<msg id="26" tool="runtool">
  <type>collector-done</type>
</msg>
<msg id="27" tool="runtool">
  <type>log-end</type>
  <arg>2024/12/21 01:19:50</arg>
</msg>

</log>

