<?xml version="1.0" encoding="utf-8" ?>
<!-- DO NOT EDIT THIS FILE -->

<log version='2.0' source='tcet'>
	<!-- Opened annotation file /home/dbulgakov/intel/oneapi/advisor/2025.0/lib64/../config/tc/map.ant -->
	<!-- Opened annotation file /home/dbulgakov/intel/oneapi/advisor/2025.0/lib64/../config/tc/allocators.ant -->
	<msg id='1' display='false' source='map'>
		<type>START</type>
		<severity>INFO</severity>
		<timestamp>Sat Dec 21 01:08:51 2024</timestamp>
	</msg>
	<!-- Successfully loaded CCRT 13.15.8 at address 0x755818627000 - 0x755818800000 -->
	<!-- Successfully loaded the TC Analysis Core 8.23.1 at address 0x755816c00000 - 0x755816c49000 -->
	<!-- Successfully loaded the TC Instrumentation Engine 8.23.1 at address 0x755818800000 - 0x7558189f1000 -->
	<!-- Environment: INTEL_LIBITTNOTIFY32=/home/dbulgakov/intel/oneapi/advisor/2025.0/lib32/runtime/libittnotify.so -->
	<!-- Environment: INTEL_LIBITTNOTIFY64=/home/dbulgakov/intel/oneapi/advisor/2025.0/lib64/runtime/libittnotify.so -->
	<!-- Environment: INTEL_JIT_PROFILER32=/home/dbulgakov/intel/oneapi/advisor/2025.0/lib32/libpinjitprofiling.so -->
	<!-- Environment: INTEL_JIT_PROFILER64=/home/dbulgakov/intel/oneapi/advisor/2025.0/lib64/libpinjitprofiling.so -->
	<!-- This is the instance of interest -->
	<msg id='2' source='tcet'>
		<type>EXEC_OF_INTEREST</type>
		<severity>INFO</severity>
		<timestamp>Sat Dec 21 01:08:51 2024</timestamp>
		<arg name='process'>/home/dbulgakov/Study/hpc/src/build/src_no_omp</arg>
		<arg name='pid'>15226</arg>
	</msg>
	<msg id='3' source='tcet'>
		<type>LOAD_MODULE</type>
		<severity>INFO</severity>
		<timestamp>Sat Dec 21 01:08:51 2024</timestamp>
		<arg name='module'>/home/dbulgakov/Study/hpc/src/build/src_no_omp</arg>
		<arg name='basement'>0x59fac2db1000</arg>
		<arg name='ceiling'>0x59fac2dba01f</arg>
		<arg name='id'>1</arg>
	</msg>
	<msg id='4' source='tcet'>
		<type>LOAD_MODULE</type>
		<severity>INFO</severity>
		<timestamp>Sat Dec 21 01:08:51 2024</timestamp>
		<arg name='module'>/lib64/ld-linux-x86-64.so.2</arg>
		<arg name='basement'>0x75581a1f0000</arg>
		<arg name='ceiling'>0x75581a2292d7</arg>
		<arg name='id'>2</arg>
	</msg>
	<msg id='5' source='tcet'>
		<type>LOAD_MODULE</type>
		<severity>INFO</severity>
		<timestamp>Sat Dec 21 01:08:51 2024</timestamp>
		<arg name='module'>[vdso]</arg>
		<arg name='basement'>0x7ffce7537000</arg>
		<arg name='ceiling'>0x7ffce75380aa</arg>
		<arg name='id'>3</arg>
	</msg>
	<msg id='6' source='tcet'>
		<type>LOAD_MODULE</type>
		<severity>INFO</severity>
		<timestamp>Sat Dec 21 01:08:52 2024</timestamp>
		<arg name='module'>/lib/x86_64-linux-gnu/libstdc++.so.6</arg>
		<arg name='basement'>0x755804a00000</arg>
		<arg name='ceiling'>0x755804c7d13f</arg>
		<arg name='id'>4</arg>
	</msg>
	<msg id='7' source='tcet'>
		<type>LOAD_MODULE</type>
		<severity>INFO</severity>
		<timestamp>Sat Dec 21 01:08:52 2024</timestamp>
		<arg name='module'>/lib/x86_64-linux-gnu/libm.so.6</arg>
		<arg name='basement'>0x755804917000</arg>
		<arg name='ceiling'>0x7558049ff017</arg>
		<arg name='id'>5</arg>
	</msg>
	<msg id='8' source='tcet'>
		<type>LOAD_MODULE</type>
		<severity>INFO</severity>
		<timestamp>Sat Dec 21 01:08:52 2024</timestamp>
		<arg name='module'>/lib/x86_64-linux-gnu/libgcc_s.so.1</arg>
		<arg name='basement'>0x755804c96000</arg>
		<arg name='ceiling'>0x755804cc33a7</arg>
		<arg name='id'>6</arg>
	</msg>
	<msg id='9' source='tcet'>
		<type>LOAD_MODULE</type>
		<severity>INFO</severity>
		<timestamp>Sat Dec 21 01:08:52 2024</timestamp>
		<arg name='module'>/lib/x86_64-linux-gnu/libc.so.6</arg>
		<arg name='basement'>0x755804600000</arg>
		<arg name='ceiling'>0x755804811d8f</arg>
		<arg name='id'>7</arg>
	</msg>
	<msg id='10' source='tcet'>
		<type>UNLOAD_MODULE</type>
		<severity>INFO</severity>
		<timestamp>Sat Dec 21 01:19:46 2024</timestamp>
		<arg name='module'>/home/dbulgakov/Study/hpc/src/build/src_no_omp</arg>
		<arg name='id'>1</arg>
	</msg>
	<msg id='11' source='tcet'>
		<type>UNLOAD_MODULE</type>
		<severity>INFO</severity>
		<timestamp>Sat Dec 21 01:19:46 2024</timestamp>
		<arg name='module'>/lib64/ld-linux-x86-64.so.2</arg>
		<arg name='id'>2</arg>
	</msg>
	<msg id='12' source='tcet'>
		<type>UNLOAD_MODULE</type>
		<severity>INFO</severity>
		<timestamp>Sat Dec 21 01:19:46 2024</timestamp>
		<arg name='module'>[vdso]</arg>
		<arg name='id'>3</arg>
	</msg>
	<msg id='13' source='tcet'>
		<type>UNLOAD_MODULE</type>
		<severity>INFO</severity>
		<timestamp>Sat Dec 21 01:19:46 2024</timestamp>
		<arg name='module'>/lib/x86_64-linux-gnu/libstdc++.so.6</arg>
		<arg name='id'>4</arg>
	</msg>
	<msg id='14' source='tcet'>
		<type>UNLOAD_MODULE</type>
		<severity>INFO</severity>
		<timestamp>Sat Dec 21 01:19:46 2024</timestamp>
		<arg name='module'>/lib/x86_64-linux-gnu/libm.so.6</arg>
		<arg name='id'>5</arg>
	</msg>
	<msg id='15' source='tcet'>
		<type>UNLOAD_MODULE</type>
		<severity>INFO</severity>
		<timestamp>Sat Dec 21 01:19:46 2024</timestamp>
		<arg name='module'>/lib/x86_64-linux-gnu/libgcc_s.so.1</arg>
		<arg name='id'>6</arg>
	</msg>
	<msg id='16' source='tcet'>
		<type>UNLOAD_MODULE</type>
		<severity>INFO</severity>
		<timestamp>Sat Dec 21 01:19:46 2024</timestamp>
		<arg name='module'>/lib/x86_64-linux-gnu/libc.so.6</arg>
		<arg name='id'>7</arg>
	</msg>
	<msg id='17' source='tcet'>
		<type>PROCESS_TERMINATE</type>
		<severity>INFO</severity>
		<timestamp>Sat Dec 21 01:19:46 2024</timestamp>
		<arg name='process'>/home/dbulgakov/Study/hpc/src/build/src_no_omp</arg>
		<arg name='pid'>15226</arg>
	</msg>
	<msg id='18' source='map'>
		<type>NO_ANNOTATIONS</type>
		<severity>WARNING</severity>
		<timestamp>Sat Dec 21 01:19:46 2024</timestamp>
	</msg>
	<msg id='19' display='false' source='map'>
		<type>ANALYSIS_COMPLETE</type>
		<severity>INFO</severity>
		<timestamp>Sat Dec 21 01:19:46 2024</timestamp>
	</msg>
	<msg id='20' display='false' source='map'>
		<type>STOP</type>
		<severity>INFO</severity>
		<timestamp>Sat Dec 21 01:19:46 2024</timestamp>
	</msg>
</log>