2 [126803467323328] INFO perfrun.launcher <> - Launcher main begin
3 [126803467323328] INFO perfrun.launcher <> - MessageCatalogInit finished
4 [126803467323328] INFO perfrun.launcher <> - Launcher instance created
4 [126803467323328] INFO perfrun.launcher <> - argc = 6; cmdline = /home/dbulgakov/intel/oneapi/advisor/2025.0/bin64/advixe-runss --ui-output-format xml --ui-output-fd 110 --context-value-list 
55 [126803467323328] INFO perfrun.launcher <> - create msngr2::ICliToolContext
56 [126803467323328] INFO perfrun.launcher <> - create file finder object
58 [126803467323328] INFO perfrun.launcher <> - Put into the variant bag the context value: name = targetOS; value = Linux
58 [126803467323328] INFO perfrun.launcher <> - Put into the variant bag the context value: name = OS; value = Linux
58 [126803467323328] INFO perfrun.launcher <> - Put into the variant bag the context value: name = OSBuildNumber; value = 0
59 [126803467323328] INFO perfrun.launcher <> - Put into the variant bag the context value: name = OSBitness; value = 64
59 [126803467323328] INFO perfrun.launcher <> - Put into the variant bag the context value: name = RootPrivileges; value = false
59 [126803467323328] INFO perfrun.launcher <> - Put into the variant bag the context value: name = isPtraceScopeLimited; value = true
59 [126803467323328] INFO perfrun.launcher <> - Put into the variant bag the context value: name = isCATSupportedByCPU; value = true
59 [126803467323328] INFO perfrun.launcher <> - Put into the variant bag the context value: name = isL3CATAvailable; value = true
59 [126803467323328] INFO perfrun.launcher <> - Put into the variant bag the context value: name = L3CATDetails; value = COS=16;ways=16
59 [126803467323328] INFO perfrun.launcher <> - Put into the variant bag the context value: name = isL2CATAvailable; value = false
59 [126803467323328] INFO perfrun.launcher <> - Put into the variant bag the context value: name = isL3MonitoringSupportedByCPU; value = true
60 [126803467323328] INFO perfrun.launcher <> - Put into the variant bag the context value: name = LLCSize; value = 0
60 [126803467323328] INFO perfrun.launcher <> - Put into the variant bag the context value: name = cacheMonitoringUpscalingFactor; value = 64
60 [126803467323328] INFO perfrun.launcher <> - Put into the variant bag the context value: name = isL3CacheOccupancyAvailable; value = true
60 [126803467323328] INFO perfrun.launcher <> - Put into the variant bag the context value: name = isL3TotalBWAvailable; value = true
60 [126803467323328] INFO perfrun.launcher <> - Put into the variant bag the context value: name = isL3LocalBWAvailable; value = true
60 [126803467323328] INFO perfrun.launcher <> - Put into the variant bag the context value: name = isTSXAvailable; value = false
60 [126803467323328] INFO perfrun.launcher <> - Put into the variant bag the context value: name = isPTAvailable; value = false
60 [126803467323328] INFO perfrun.launcher <> - Put into the variant bag the context value: name = isHTEnabled; value = true
60 [126803467323328] INFO perfrun.launcher <> - Put into the variant bag the context value: name = fpgaOnBoard; value = None
60 [126803467323328] INFO perfrun.launcher <> - Put into the variant bag the context value: name = omniPathOnBoard; value = None
61 [126803467323328] INFO perfrun.launcher <> - Put into the variant bag the context value: name = genArchOnBoard; value = 0
61 [126803467323328] INFO perfrun.launcher <> - Put into the variant bag the context value: name = pciClassParts; value = 
61 [126803467323328] INFO perfrun.launcher <> - Put into the variant bag the context value: name = tidValuesForIO; value = 
61 [126803467323328] INFO perfrun.launcher <> - Put into the variant bag the context value: name = populatedIoParts; value = 
61 [126803467323328] INFO perfrun.launcher <> - Put into the variant bag the context value: name = populatedIoUnits; value = 
61 [126803467323328] INFO perfrun.launcher <> - Put into the variant bag the context value: name = populatedTidValuesForIO; value = 
61 [126803467323328] INFO perfrun.launcher <> - Put into the variant bag the context value: name = memoryType; value = Unknown
61 [126803467323328] INFO perfrun.launcher <> - Put into the variant bag the context value: name = isSGXAvailable; value = false
61 [126803467323328] INFO perfrun.launcher <> - Put into the variant bag the context value: name = LinuxRelease; value = 6.8.0-51-generic
61 [126803467323328] INFO perfrun.launcher <> - Put into the variant bag the context value: name = is3DXPPresent; value = false
61 [126803467323328] INFO perfrun.launcher <> - Put into the variant bag the context value: name = is3DXP2LMMode; value = false
61 [126803467323328] INFO perfrun.launcher <> - Put into the variant bag the context value: name = is3DXPAppDirectMode; value = false
62 [126803467323328] INFO perfrun.launcher <> - Put into the variant bag the context value: name = IsNUMANodeWithoutCPUsPresent; value = false
62 [126803467323328] INFO perfrun.launcher <> - Put into the variant bag the context value: name = Hypervisor; value = None
62 [126803467323328] INFO perfrun.launcher <> - Put into the variant bag the context value: name = PerfmonVersion; value = 0
62 [126803467323328] INFO perfrun.launcher <> - Put into the variant bag the context value: name = isMaxDRAMBandwidthMeasurementSupported; value = false
62 [126803467323328] INFO perfrun.launcher <> - Put into the variant bag the context value: name = preferedGpuAdapter; value = none
62 [126803467323328] INFO perfrun.launcher <> - Put into the variant bag the context value: name = isEHFIAvailable; value = false
62 [126803467323328] INFO perfrun.launcher <> - Put into the variant bag the context value: name = i915Status; value = MissingDriver
62 [126803467323328] INFO perfrun.launcher <> - Put into the variant bag the context value: name = GPUUserGroups; value = 
62 [126803467323328] INFO perfrun.launcher <> - Put into the variant bag the context value: name = isTPSSAvailable; value = true
62 [126803467323328] INFO perfrun.launcher <> - Put into the variant bag the context value: name = isPytraceAvailable; value = true
62 [126803467323328] INFO perfrun.launcher <> - Put into the variant bag the context value: name = forceShowInlines; value = false
63 [126803467323328] INFO perfrun.launcher <> - Application exit code: 0
63 [126803467323328] INFO perfrun.launcher <> - Exit code: 0
